2019-01-19 15:40:39,617 [14] INFO  JingWuTong.Handle.exportAll_Timesharing_ReportsTime - 读取zfData表
2019-01-19 15:40:43,689 [14] INFO  JingWuTong.Handle.exportAll_Timesharing_ReportsTime - 表zfData完成
2019-01-19 15:40:43,781 [14] INFO  JingWuTong.Handle.exportAll_Timesharing_ReportsTime - 读取Data表
2019-01-19 15:40:45,604 [14] INFO  JingWuTong.Handle.exportAll_Timesharing_ReportsTime - 表Data完成
2019-01-19 15:40:45,606 [14] INFO  JingWuTong.Handle.exportAll_Timesharing_ReportsTime - 对讲机_线程开始
2019-01-19 15:40:45,616 [14] INFO  JingWuTong.Handle.exportAll_Timesharing_ReportsTime - 执法记录仪_线程开始
2019-01-19 15:40:45,616 [14] INFO  JingWuTong.Handle.exportAll_Timesharing_ReportsTime - 警务通_线程开始
2019-01-19 15:40:45,618 [14] INFO  JingWuTong.Handle.exportAll_Timesharing_ReportsTime - 辅警通_线程开始
2019-01-19 15:40:45,620 [14] INFO  JingWuTong.Handle.exportAll_Timesharing_ReportsTime - 车载视频_线程开始
2019-01-19 15:40:45,631 [14] INFO  JingWuTong.Handle.exportAll_Timesharing_ReportsTime - 拦截仪_线程开始
2019-01-19 15:41:44,265 [11] INFO  JingWuTong.Handle.exportAll_Timesharing_ReportsTime - 执法记录仪_线程结束
2019-01-19 15:41:59,911 [17] INFO  JingWuTong.Handle.exportAll_Timesharing_ReportsTime - 车载视频_线程结束
2019-01-19 15:42:00,629 [15] INFO  JingWuTong.Handle.exportAll_Timesharing_ReportsTime - 警务通_线程结束
2019-01-19 15:42:00,837 [16] INFO  JingWuTong.Handle.exportAll_Timesharing_ReportsTime - 辅警通_线程结束
2019-01-19 15:42:00,878 [18] INFO  JingWuTong.Handle.exportAll_Timesharing_ReportsTime - 拦截仪_线程结束
2019-01-19 15:42:06,949 [10] INFO  JingWuTong.Handle.exportAll_Timesharing_ReportsTime - 对讲机_线程结束
2019-01-19 15:52:39,209 [25] INFO  JingWuTong.Handle.exportAll_Timesharing_Reports - 读取zfData表
2019-01-19 15:52:40,176 [25] INFO  JingWuTong.Handle.exportAll_Timesharing_Reports - 表zfData完成
2019-01-19 15:52:40,184 [25] INFO  JingWuTong.Handle.exportAll_Timesharing_Reports - 读取Data表
2019-01-19 15:52:42,117 [25] INFO  JingWuTong.Handle.exportAll_Timesharing_Reports - 表Data完成
2019-01-19 15:52:42,175 [25] INFO  JingWuTong.Handle.exportAll_Timesharing_Reports - 对讲机_线程开始
2019-01-19 15:52:42,184 [25] INFO  JingWuTong.Handle.exportAll_Timesharing_Reports - 执法记录仪_线程开始
2019-01-19 15:52:42,184 [25] INFO  JingWuTong.Handle.exportAll_Timesharing_Reports - 警务通_线程开始
2019-01-19 15:52:42,187 [25] INFO  JingWuTong.Handle.exportAll_Timesharing_Reports - 辅警通_线程开始
2019-01-19 15:52:42,189 [25] INFO  JingWuTong.Handle.exportAll_Timesharing_Reports - 车载视频_线程开始
2019-01-19 15:52:42,195 [25] INFO  JingWuTong.Handle.exportAll_Timesharing_Reports - 拦截仪_线程开始
2019-01-19 15:53:21,730 [11] INFO  JingWuTong.Handle.exportAll_Timesharing_Reports - 执法记录仪_线程结束
2019-01-19 15:53:25,209 [17] INFO  JingWuTong.Handle.exportAll_Timesharing_Reports - 辅警通_线程结束
2019-01-19 15:53:25,261 [18] INFO  JingWuTong.Handle.exportAll_Timesharing_Reports - 车载视频_线程结束
2019-01-19 15:53:25,378 [16] INFO  JingWuTong.Handle.exportAll_Timesharing_Reports - 警务通_线程结束
2019-01-19 15:53:25,611 [21] INFO  JingWuTong.Handle.exportAll_Timesharing_Reports - 拦截仪_线程结束
2019-01-19 15:53:26,776 [10] INFO  JingWuTong.Handle.exportAll_Timesharing_Reports - 对讲机_线程结束
2019-01-19 15:56:09,404 [25] INFO  JingWuTong.Handle.exportAll_Timesharing_Reports - 读取zfData表
2019-01-19 15:56:10,379 [25] INFO  JingWuTong.Handle.exportAll_Timesharing_Reports - 表zfData完成
2019-01-19 15:56:10,386 [25] INFO  JingWuTong.Handle.exportAll_Timesharing_Reports - 读取Data表
2019-01-19 15:56:12,189 [25] INFO  JingWuTong.Handle.exportAll_Timesharing_Reports - 表Data完成
2019-01-19 15:56:12,246 [25] INFO  JingWuTong.Handle.exportAll_Timesharing_Reports - 对讲机_线程开始
2019-01-19 15:56:12,256 [25] INFO  JingWuTong.Handle.exportAll_Timesharing_Reports - 执法记录仪_线程开始
2019-01-19 15:56:12,256 [25] INFO  JingWuTong.Handle.exportAll_Timesharing_Reports - 警务通_线程开始
2019-01-19 15:56:12,259 [25] INFO  JingWuTong.Handle.exportAll_Timesharing_Reports - 辅警通_线程开始
2019-01-19 15:56:12,262 [25] INFO  JingWuTong.Handle.exportAll_Timesharing_Reports - 车载视频_线程开始
2019-01-19 15:56:12,272 [25] INFO  JingWuTong.Handle.exportAll_Timesharing_Reports - 拦截仪_线程开始
2019-01-19 15:56:54,911 [18] INFO  JingWuTong.Handle.exportAll_Timesharing_Reports - 执法记录仪_线程结束
2019-01-19 15:56:59,999 [11] INFO  JingWuTong.Handle.exportAll_Timesharing_Reports - 车载视频_线程结束
2019-01-19 15:57:00,128 [16] INFO  JingWuTong.Handle.exportAll_Timesharing_Reports - 辅警通_线程结束
2019-01-19 15:57:00,296 [10] INFO  JingWuTong.Handle.exportAll_Timesharing_Reports - 拦截仪_线程结束
2019-01-19 15:57:00,943 [17] INFO  JingWuTong.Handle.exportAll_Timesharing_Reports - 警务通_线程结束
2019-01-19 15:57:02,410 [21] INFO  JingWuTong.Handle.exportAll_Timesharing_Reports - 对讲机_线程结束
