2019-01-20 10:53:11,473 [31] INFO  JingWuTong.Handle.exportAll_Timesharing_Reports - 读取zfData表
2019-01-20 10:53:13,655 [31] INFO  JingWuTong.Handle.exportAll_Timesharing_Reports - 表zfData完成
2019-01-20 10:53:13,684 [31] INFO  JingWuTong.Handle.exportAll_Timesharing_Reports - 读取Data表
2019-01-20 10:53:15,035 [31] INFO  JingWuTong.Handle.exportAll_Timesharing_Reports - 表Data完成
2019-01-20 10:53:15,223 [31] INFO  JingWuTong.Handle.exportAll_Timesharing_Reports - 车载视频_线程开始
2019-01-20 10:53:15,224 [31] INFO  JingWuTong.Handle.exportAll_Timesharing_Reports - 对讲机_线程开始
2019-01-20 10:53:15,241 [31] INFO  JingWuTong.Handle.exportAll_Timesharing_Reports - 拦截仪_线程开始
2019-01-20 10:53:15,256 [31] INFO  JingWuTong.Handle.exportAll_Timesharing_Reports - 警务通_线程开始
2019-01-20 10:53:15,266 [31] INFO  JingWuTong.Handle.exportAll_Timesharing_Reports - 执法记录仪_线程开始
2019-01-20 10:53:15,275 [31] INFO  JingWuTong.Handle.exportAll_Timesharing_Reports - 辅警通_线程开始
2019-01-20 10:53:15,364 [28] INFO  JingWuTong.Handle.exportAll_Timesharing_Reports - 车载视频_线程结束
2019-01-20 10:53:15,387 [34] INFO  JingWuTong.Handle.exportAll_Timesharing_Reports - 拦截仪_线程结束
2019-01-20 10:53:15,393 [11] INFO  JingWuTong.Handle.exportAll_Timesharing_Reports - 执法记录仪_线程结束
2019-01-20 10:53:15,394 [36] INFO  JingWuTong.Handle.exportAll_Timesharing_Reports - 对讲机_线程结束
2019-01-20 10:53:17,885 [13] INFO  JingWuTong.Handle.exportAll_Timesharing_Reports - 辅警通_线程结束
2019-01-20 10:53:17,966 [32] INFO  JingWuTong.Handle.exportAll_Timesharing_Reports - 警务通_线程结束
2019-01-20 10:53:58,907 [31] INFO  JingWuTong.Handle.exportAll_Timesharing_Reports - 读取zfData表
2019-01-20 10:54:02,052 [31] INFO  JingWuTong.Handle.exportAll_Timesharing_Reports - 表zfData完成
2019-01-20 10:54:02,095 [31] INFO  JingWuTong.Handle.exportAll_Timesharing_Reports - 读取Data表
2019-01-20 10:54:05,989 [31] INFO  JingWuTong.Handle.exportAll_Timesharing_Reports - 表Data完成
2019-01-20 10:54:05,998 [31] INFO  JingWuTong.Handle.exportAll_Timesharing_Reports - 车载视频_线程开始
2019-01-20 10:54:06,006 [31] INFO  JingWuTong.Handle.exportAll_Timesharing_Reports - 对讲机_线程开始
2019-01-20 10:54:06,013 [31] INFO  JingWuTong.Handle.exportAll_Timesharing_Reports - 拦截仪_线程开始
2019-01-20 10:54:06,058 [31] INFO  JingWuTong.Handle.exportAll_Timesharing_Reports - 警务通_线程开始
2019-01-20 10:54:06,234 [31] INFO  JingWuTong.Handle.exportAll_Timesharing_Reports - 执法记录仪_线程开始
2019-01-20 10:54:06,577 [31] INFO  JingWuTong.Handle.exportAll_Timesharing_Reports - 辅警通_线程开始
2019-01-20 10:54:20,633 [36] INFO  JingWuTong.Handle.exportAll_Timesharing_Reports - 执法记录仪_线程结束
2019-01-20 10:54:20,891 [32] INFO  JingWuTong.Handle.exportAll_Timesharing_Reports - 车载视频_线程结束
2019-01-20 10:54:21,056 [11] INFO  JingWuTong.Handle.exportAll_Timesharing_Reports - 拦截仪_线程结束
2019-01-20 10:54:21,549 [29] INFO  JingWuTong.Handle.exportAll_Timesharing_Reports - 对讲机_线程结束
2019-01-20 10:54:23,009 [34] INFO  JingWuTong.Handle.exportAll_Timesharing_Reports - 警务通_线程结束
2019-01-20 10:54:23,316 [28] INFO  JingWuTong.Handle.exportAll_Timesharing_Reports - 辅警通_线程结束
2019-01-20 10:55:59,832 [38] INFO  JingWuTong.Handle.exportAll_Timesharing_ReportsTime - 读取zfData表
2019-01-20 10:56:02,723 [38] INFO  JingWuTong.Handle.exportAll_Timesharing_ReportsTime - 表zfData完成
2019-01-20 10:56:05,118 [38] INFO  JingWuTong.Handle.exportAll_Timesharing_ReportsTime - 读取Data表
2019-01-20 10:56:05,432 [38] INFO  JingWuTong.Handle.exportAll_Timesharing_ReportsTime - 表Data完成
2019-01-20 10:56:05,437 [38] INFO  JingWuTong.Handle.exportAll_Timesharing_ReportsTime - 车载视频_线程开始
2019-01-20 10:56:05,445 [38] INFO  JingWuTong.Handle.exportAll_Timesharing_ReportsTime - 对讲机_线程开始
2019-01-20 10:56:05,450 [38] INFO  JingWuTong.Handle.exportAll_Timesharing_ReportsTime - 拦截仪_线程开始
2019-01-20 10:56:05,460 [38] INFO  JingWuTong.Handle.exportAll_Timesharing_ReportsTime - 警务通_线程开始
2019-01-20 10:56:05,465 [38] INFO  JingWuTong.Handle.exportAll_Timesharing_ReportsTime - 执法记录仪_线程开始
2019-01-20 10:56:05,470 [38] INFO  JingWuTong.Handle.exportAll_Timesharing_ReportsTime - 辅警通_线程开始
2019-01-20 10:56:06,472 [38] INFO  JingWuTong.Handle.exportAll_Timesharing_ReportsTime - 6
2019-01-20 10:56:07,509 [38] INFO  JingWuTong.Handle.exportAll_Timesharing_ReportsTime - 6
2019-01-20 10:56:08,052 [34] INFO  JingWuTong.Handle.exportAll_Timesharing_ReportsTime - 拦截仪_线程结束
2019-01-20 10:56:08,164 [28] INFO  JingWuTong.Handle.exportAll_Timesharing_ReportsTime - 车载视频_线程结束
2019-01-20 10:56:08,426 [11] INFO  JingWuTong.Handle.exportAll_Timesharing_ReportsTime - 警务通_线程结束
2019-01-20 10:56:08,510 [32] INFO  JingWuTong.Handle.exportAll_Timesharing_ReportsTime - 辅警通_线程结束
2019-01-20 10:56:08,520 [38] INFO  JingWuTong.Handle.exportAll_Timesharing_ReportsTime - 6
2019-01-20 10:56:08,821 [29] INFO  JingWuTong.Handle.exportAll_Timesharing_ReportsTime - 执法记录仪_线程结束
2019-01-20 10:56:09,323 [36] INFO  JingWuTong.Handle.exportAll_Timesharing_ReportsTime - 对讲机_线程结束
2019-01-20 10:56:09,522 [38] INFO  JingWuTong.Handle.exportAll_Timesharing_ReportsTime - 6
2019-01-20 11:06:15,932 [21] INFO  JingWuTong.Handle.exportAll_Timesharing_ReportsTime - 读取zfData表
2019-01-20 11:06:20,264 [21] INFO  JingWuTong.Handle.exportAll_Timesharing_ReportsTime - 表zfData完成
2019-01-20 11:06:21,666 [21] INFO  JingWuTong.Handle.exportAll_Timesharing_ReportsTime - 读取Data表
2019-01-20 11:06:23,251 [21] INFO  JingWuTong.Handle.exportAll_Timesharing_ReportsTime - 表Data完成
2019-01-20 11:06:23,701 [21] INFO  JingWuTong.Handle.exportAll_Timesharing_ReportsTime - 车载视频_线程开始
2019-01-20 11:06:23,750 [21] INFO  JingWuTong.Handle.exportAll_Timesharing_ReportsTime - 对讲机_线程开始
2019-01-20 11:06:23,942 [21] INFO  JingWuTong.Handle.exportAll_Timesharing_ReportsTime - 拦截仪_线程开始
2019-01-20 11:06:24,003 [21] INFO  JingWuTong.Handle.exportAll_Timesharing_ReportsTime - 警务通_线程开始
2019-01-20 11:06:24,071 [21] INFO  JingWuTong.Handle.exportAll_Timesharing_ReportsTime - 执法记录仪_线程开始
2019-01-20 11:06:24,128 [21] INFO  JingWuTong.Handle.exportAll_Timesharing_ReportsTime - 辅警通_线程开始
2019-01-20 11:06:24,817 [13] INFO  JingWuTong.Handle.exportAll_Timesharing_ReportsTime - 对讲机_线程结束
2019-01-20 11:06:24,874 [35] INFO  JingWuTong.Handle.exportAll_Timesharing_ReportsTime - 拦截仪_线程结束
2019-01-20 11:06:24,884 [17] INFO  JingWuTong.Handle.exportAll_Timesharing_ReportsTime - 警务通_线程结束
2019-01-20 11:06:24,968 [14] INFO  JingWuTong.Handle.exportAll_Timesharing_ReportsTime - 车载视频_线程结束
2019-01-20 11:06:24,992 [41] INFO  JingWuTong.Handle.exportAll_Timesharing_ReportsTime - 辅警通_线程结束
2019-01-20 11:06:25,014 [40] INFO  JingWuTong.Handle.exportAll_Timesharing_ReportsTime - 执法记录仪_线程结束
2019-01-20 11:06:25,131 [21] INFO  JingWuTong.Handle.exportAll_Timesharing_ReportsTime - 0
2019-01-20 11:06:48,375 [6] INFO  JingWuTong.Handle.exportAll_Timesharing_ReportsTime - 读取zfData表
2019-01-20 11:06:51,362 [6] INFO  JingWuTong.Handle.exportAll_Timesharing_ReportsTime - 表zfData完成
2019-01-20 11:06:52,622 [6] INFO  JingWuTong.Handle.exportAll_Timesharing_ReportsTime - 读取Data表
2019-01-20 11:06:53,320 [6] INFO  JingWuTong.Handle.exportAll_Timesharing_ReportsTime - 表Data完成
2019-01-20 11:06:53,324 [6] INFO  JingWuTong.Handle.exportAll_Timesharing_ReportsTime - 车载视频_线程开始
2019-01-20 11:06:53,329 [6] INFO  JingWuTong.Handle.exportAll_Timesharing_ReportsTime - 对讲机_线程开始
2019-01-20 11:06:53,335 [6] INFO  JingWuTong.Handle.exportAll_Timesharing_ReportsTime - 拦截仪_线程开始
2019-01-20 11:06:53,343 [6] INFO  JingWuTong.Handle.exportAll_Timesharing_ReportsTime - 警务通_线程开始
2019-01-20 11:06:53,407 [6] INFO  JingWuTong.Handle.exportAll_Timesharing_ReportsTime - 执法记录仪_线程开始
2019-01-20 11:06:53,520 [6] INFO  JingWuTong.Handle.exportAll_Timesharing_ReportsTime - 辅警通_线程开始
2019-01-20 11:06:54,521 [6] INFO  JingWuTong.Handle.exportAll_Timesharing_ReportsTime - 6
2019-01-20 11:06:55,548 [6] INFO  JingWuTong.Handle.exportAll_Timesharing_ReportsTime - 6
2019-01-20 11:06:56,581 [6] INFO  JingWuTong.Handle.exportAll_Timesharing_ReportsTime - 6
2019-01-20 11:06:57,608 [6] INFO  JingWuTong.Handle.exportAll_Timesharing_ReportsTime - 6
2019-01-20 11:06:58,678 [6] INFO  JingWuTong.Handle.exportAll_Timesharing_ReportsTime - 6
2019-01-20 11:06:59,706 [6] INFO  JingWuTong.Handle.exportAll_Timesharing_ReportsTime - 6
2019-01-20 11:07:00,743 [6] INFO  JingWuTong.Handle.exportAll_Timesharing_ReportsTime - 6
2019-01-20 11:07:00,782 [35] INFO  JingWuTong.Handle.exportAll_Timesharing_ReportsTime - 拦截仪_线程结束
2019-01-20 11:07:01,128 [40] INFO  JingWuTong.Handle.exportAll_Timesharing_ReportsTime - 车载视频_线程结束
2019-01-20 11:07:01,662 [13] INFO  JingWuTong.Handle.exportAll_Timesharing_ReportsTime - 警务通_线程结束
2019-01-20 11:07:01,745 [6] INFO  JingWuTong.Handle.exportAll_Timesharing_ReportsTime - 3
2019-01-20 11:07:01,902 [14] INFO  JingWuTong.Handle.exportAll_Timesharing_ReportsTime - 执法记录仪_线程结束
2019-01-20 11:07:02,084 [22] INFO  JingWuTong.Handle.exportAll_Timesharing_ReportsTime - 辅警通_线程结束
2019-01-20 11:07:02,746 [6] INFO  JingWuTong.Handle.exportAll_Timesharing_ReportsTime - 1
2019-01-20 11:07:02,926 [17] INFO  JingWuTong.Handle.exportAll_Timesharing_ReportsTime - 对讲机_线程结束
2019-01-20 11:07:03,747 [6] INFO  JingWuTong.Handle.exportAll_Timesharing_ReportsTime - 0
2019-01-20 11:10:44,043 [6] INFO  JingWuTong.Handle.exportAll_Timesharing_ReportsTime - 读取zfData表
2019-01-20 11:10:45,888 [6] INFO  JingWuTong.Handle.exportAll_Timesharing_ReportsTime - 表zfData完成
2019-01-20 11:10:47,497 [6] INFO  JingWuTong.Handle.exportAll_Timesharing_ReportsTime - 读取Data表
2019-01-20 11:10:48,746 [6] INFO  JingWuTong.Handle.exportAll_Timesharing_ReportsTime - 表Data完成
2019-01-20 11:10:48,913 [6] INFO  JingWuTong.Handle.exportAll_Timesharing_ReportsTime - 车载视频_线程开始
2019-01-20 11:10:48,933 [6] INFO  JingWuTong.Handle.exportAll_Timesharing_ReportsTime - 对讲机_线程开始
2019-01-20 11:10:48,937 [6] INFO  JingWuTong.Handle.exportAll_Timesharing_ReportsTime - 拦截仪_线程开始
2019-01-20 11:10:48,947 [6] INFO  JingWuTong.Handle.exportAll_Timesharing_ReportsTime - 警务通_线程开始
2019-01-20 11:10:48,954 [6] INFO  JingWuTong.Handle.exportAll_Timesharing_ReportsTime - 执法记录仪_线程开始
2019-01-20 11:10:48,959 [6] INFO  JingWuTong.Handle.exportAll_Timesharing_ReportsTime - 辅警通_线程开始
2019-01-20 11:10:49,965 [6] INFO  JingWuTong.Handle.exportAll_Timesharing_ReportsTime - 6
2019-01-20 11:10:50,994 [6] INFO  JingWuTong.Handle.exportAll_Timesharing_ReportsTime - 6
2019-01-20 11:10:52,048 [6] INFO  JingWuTong.Handle.exportAll_Timesharing_ReportsTime - 6
2019-01-20 11:10:53,090 [6] INFO  JingWuTong.Handle.exportAll_Timesharing_ReportsTime - 6
2019-01-20 11:10:54,142 [6] INFO  JingWuTong.Handle.exportAll_Timesharing_ReportsTime - 6
2019-01-20 11:10:55,182 [6] INFO  JingWuTong.Handle.exportAll_Timesharing_ReportsTime - 6
2019-01-20 11:10:56,230 [6] INFO  JingWuTong.Handle.exportAll_Timesharing_ReportsTime - 6
2019-01-20 11:10:57,252 [6] INFO  JingWuTong.Handle.exportAll_Timesharing_ReportsTime - 6
2019-01-20 11:10:57,481 [32] INFO  JingWuTong.Handle.exportAll_Timesharing_ReportsTime - 拦截仪_线程结束
2019-01-20 11:10:57,980 [34] INFO  JingWuTong.Handle.exportAll_Timesharing_ReportsTime - 车载视频_线程结束
2019-01-20 11:10:58,262 [6] INFO  JingWuTong.Handle.exportAll_Timesharing_ReportsTime - 4
2019-01-20 11:10:58,506 [36] INFO  JingWuTong.Handle.exportAll_Timesharing_ReportsTime - 警务通_线程结束
2019-01-20 11:10:58,685 [18] INFO  JingWuTong.Handle.exportAll_Timesharing_ReportsTime - 辅警通_线程结束
2019-01-20 11:10:58,804 [28] INFO  JingWuTong.Handle.exportAll_Timesharing_ReportsTime - 执法记录仪_线程结束
2019-01-20 11:10:59,262 [6] INFO  JingWuTong.Handle.exportAll_Timesharing_ReportsTime - 1
2019-01-20 11:10:59,825 [12] INFO  JingWuTong.Handle.exportAll_Timesharing_ReportsTime - 对讲机_线程结束
2019-01-20 11:11:00,263 [6] INFO  JingWuTong.Handle.exportAll_Timesharing_ReportsTime - 0
